This is pdfTeX, Version 3.14159265-2.6-1.40.18 (MiKTeX 2.9.6350 64-bit) (preloaded format=pdflatex 2017.6.27)  26 NOV 2017 16:49
entering extended mode
**"./Assignment 3 Report.tex"
("Assignment 3 Report.tex"
LaTeX2e <2017-04-15>
Babel <3.10> and hyphenation patterns for 75 language(s) loaded.
("C:\Program Files\MiKTeX 2.9\tex\latex\base\article.cls"
Document Class: article 2014/09/29 v1.4h Standard LaTeX document class
("C:\Program Files\MiKTeX 2.9\tex\latex\base\size12.clo"
File: size12.clo 2014/09/29 v1.4h Standard LaTeX file (size option)
)
\c@part=\count79
\c@section=\count80
\c@subsection=\count81
\c@subsubsection=\count82
\c@paragraph=\count83
\c@subparagraph=\count84
\c@figure=\count85
\c@table=\count86
\abovecaptionskip=\skip41
\belowcaptionskip=\skip42
\bibindent=\dimen102
)
("C:\Program Files\MiKTeX 2.9\tex\latex\graphics\graphicx.sty"
Package: graphicx 2014/10/28 v1.0g Enhanced LaTeX Graphics (DPC,SPQR)

("C:\Program Files\MiKTeX 2.9\tex\latex\graphics\keyval.sty"
Package: keyval 2014/10/28 v1.15 key=value parser (DPC)
\KV@toks@=\toks14
)
("C:\Program Files\MiKTeX 2.9\tex\latex\graphics\graphics.sty"
Package: graphics 2017/04/14 v1.1b Standard LaTeX Graphics (DPC,SPQR)

("C:\Program Files\MiKTeX 2.9\tex\latex\graphics\trig.sty"
Package: trig 2016/01/03 v1.10 sin cos tan (DPC)
)
("C:\Program Files\MiKTeX 2.9\tex\latex\graphics-cfg\graphics.cfg"
File: graphics.cfg 2016/06/04 v1.11 sample graphics configuration
)
Package graphics Info: Driver file: pdftex.def on input line 99.

("C:\Program Files\MiKTeX 2.9\tex\latex\graphics-def\pdftex.def"
File: pdftex.def 2017/01/12 v0.06k Graphics/color for pdfTeX

("C:\Program Files\MiKTeX 2.9\tex\generic\oberdiek\infwarerr.sty"
Package: infwarerr 2016/05/16 v1.4 Providing info/warning/error messages (HO)
)
("C:\Program Files\MiKTeX 2.9\tex\generic\oberdiek\ltxcmds.sty"
Package: ltxcmds 2016/05/16 v1.23 LaTeX kernel commands for general use (HO)
)
\Gread@gobject=\count87
))
\Gin@req@height=\dimen103
\Gin@req@width=\dimen104
)
("Assignment 3 Report.aux")
\openout1 = `"Assignment 3 Report.aux"'.

LaTeX Font Info:    Checking defaults for OML/cmm/m/it on input line 5.
LaTeX Font Info:    ... okay on input line 5.
LaTeX Font Info:    Checking defaults for T1/cmr/m/n on input line 5.
LaTeX Font Info:    ... okay on input line 5.
LaTeX Font Info:    Checking defaults for OT1/cmr/m/n on input line 5.
LaTeX Font Info:    ... okay on input line 5.
LaTeX Font Info:    Checking defaults for OMS/cmsy/m/n on input line 5.
LaTeX Font Info:    ... okay on input line 5.
LaTeX Font Info:    Checking defaults for OMX/cmex/m/n on input line 5.
LaTeX Font Info:    ... okay on input line 5.
LaTeX Font Info:    Checking defaults for U/cmr/m/n on input line 5.
LaTeX Font Info:    ... okay on input line 5.

(C:\Users\Razor\AppData\Roaming\MiKTeX\2.9\tex\context\base\supp-pdf.mkii
[Loading MPS to PDF converter (version 2006.09.02).]
\scratchcounter=\count88
\scratchdimen=\dimen105
\scratchbox=\box26
\nofMPsegments=\count89
\nofMParguments=\count90
\everyMPshowfont=\toks15
\MPscratchCnt=\count91
\MPscratchDim=\dimen106
\MPnumerator=\count92
\makeMPintoPDFobject=\count93
\everyMPtoPDFconversion=\toks16
) ("C:\Program Files\MiKTeX 2.9\tex\generic\oberdiek\pdftexcmds.sty"
Package: pdftexcmds 2017/03/19 v0.25 Utility functions of pdfTeX for LuaTeX (HO
)

("C:\Program Files\MiKTeX 2.9\tex\generic\oberdiek\ifluatex.sty"
Package: ifluatex 2016/05/16 v1.4 Provides the ifluatex switch (HO)
Package ifluatex Info: LuaTeX not detected.
)
("C:\Program Files\MiKTeX 2.9\tex\generic\oberdiek\ifpdf.sty"
Package: ifpdf 2017/03/15 v3.2 Provides the ifpdf switch
)
Package pdftexcmds Info: LuaTeX not detected.
Package pdftexcmds Info: \pdf@primitive is available.
Package pdftexcmds Info: \pdf@ifprimitive is available.
Package pdftexcmds Info: \pdfdraftmode found.
)
("C:\Program Files\MiKTeX 2.9\tex\latex\oberdiek\epstopdf-base.sty"
Package: epstopdf-base 2016/05/15 v2.6 Base part for package epstopdf

("C:\Program Files\MiKTeX 2.9\tex\latex\oberdiek\grfext.sty"
Package: grfext 2016/05/16 v1.2 Manage graphics extensions (HO)

("C:\Program Files\MiKTeX 2.9\tex\generic\oberdiek\kvdefinekeys.sty"
Package: kvdefinekeys 2016/05/16 v1.4 Define keys (HO)
))
("C:\Program Files\MiKTeX 2.9\tex\latex\oberdiek\kvoptions.sty"
Package: kvoptions 2016/05/16 v3.12 Key value format for package options (HO)

("C:\Program Files\MiKTeX 2.9\tex\generic\oberdiek\kvsetkeys.sty"
Package: kvsetkeys 2016/05/16 v1.17 Key value parser (HO)

("C:\Program Files\MiKTeX 2.9\tex\generic\oberdiek\etexcmds.sty"
Package: etexcmds 2016/05/16 v1.6 Avoid name clashes with e-TeX commands (HO)
Package etexcmds Info: Could not find \expanded.
(etexcmds)             That can mean that you are not using pdfTeX 1.50 or
(etexcmds)             that some package has redefined \expanded.
(etexcmds)             In the latter case, load this package earlier.
)))
Package epstopdf-base Info: Redefining graphics rule for `.eps' on input line 4
38.
Package grfext Info: Graphics extension search list:
(grfext)             [.png,.pdf,.jpg,.mps,.jpeg,.jbig2,.jb2,.PNG,.PDF,.JPG,.JPE
G,.JBIG2,.JB2,.eps]
(grfext)             \AppendGraphicsExtensions on input line 456.
)
<Images/"a-map1-0".jpg, id=1, 1421.81187pt x 609.77812pt>
File: Images/"a-map1-0".jpg Graphic file (type jpg)

<use Images/"a-map1-0".jpg>
Package pdftex.def Info: Images/"a-map1-0".jpg used on input line 17.
(pdftex.def)             Requested size: 426.54686pt x 182.93484pt.

Overfull \hbox (54.17168pt too wide) in paragraph at lines 17--18
[][] 
 []

<Images/"control-panel".jpg, id=2, 1041.8925pt x 156.585pt>
File: Images/"control-panel".jpg Graphic file (type jpg)

<use Images/"control-panel".jpg>
Package pdftex.def Info: Images/"control-panel".jpg used on input line 25.
(pdftex.def)             Requested size: 416.74962pt x 62.63287pt.

Overfull \hbox (44.37444pt too wide) in paragraph at lines 25--26
[][] 
 []

<Images/"a-map1-4".jpg, id=3, 1053.9375pt x 1381.16pt>
File: Images/"a-map1-4".jpg Graphic file (type jpg)

<use Images/"a-map1-4".jpg>
Package pdftex.def Info: Images/"a-map1-4".jpg used on input line 33.
(pdftex.def)             Requested size: 421.56754pt x 552.45421pt.

Overfull \hbox (49.19235pt too wide) in paragraph at lines 33--34
[][] 
 []

[1

{C:/ProgramData/MiKTeX/2.9/pdftex/config/pdftex.map} <./Images/a-map1-0.jpg> <.
/Images/control-panel.jpg>]
Overfull \vbox (3.95421pt too high) has occurred while \output is active []


[2 <./Images/a-map1-4.jpg>]
Overfull \hbox (3.16397pt too wide) in paragraph at lines 41--42
[]\OT1/cmr/m/n/12 There are four ex-am-ples shown be-low show the path from run
-ning uniform-
 []

<Images/"b-map5-1-u".jpg, id=13, 2212.265pt x 1017.8025pt>
File: Images/"b-map5-1-u".jpg Graphic file (type jpg)

<use Images/"b-map5-1-u".jpg>
Package pdftex.def Info: Images/"b-map5-1-u".jpg used on input line 46.
(pdftex.def)             Requested size: 464.58937pt x 213.74483pt.

Overfull \hbox (74.58937pt too wide) in paragraph at lines 43--47
[] 
 []


Underfull \hbox (badness 10000) in paragraph at lines 43--47

 []

LaTeX Font Info:    External font `cmex10' loaded for size
(Font)              <12> on input line 48.
LaTeX Font Info:    External font `cmex10' loaded for size
(Font)              <8> on input line 48.
LaTeX Font Info:    External font `cmex10' loaded for size
(Font)              <6> on input line 48.
<Images/"b-map5-1-a-real".jpg, id=14, 1744.5175pt x 1011.78pt>
File: Images/"b-map5-1-a-real".jpg Graphic file (type jpg)

<use Images/"b-map5-1-a-real".jpg>
Package pdftex.def Info: Images/"b-map5-1-a-real".jpg used on input line 51.
(pdftex.def)             Requested size: 436.12831pt x 252.94438pt.

Overfull \hbox (46.12831pt too wide) in paragraph at lines 48--52
[] 
 []


Underfull \hbox (badness 10000) in paragraph at lines 48--52

 []

[3 <./Images/b-map5-1-u.jpg>]
<Images/"b-map5-1-a".jpg, id=19, 2091.815pt x 995.72pt>
File: Images/"b-map5-1-a".jpg Graphic file (type jpg)

<use Images/"b-map5-1-a".jpg>
Package pdftex.def Info: Images/"b-map5-1-a".jpg used on input line 56.
(pdftex.def)             Requested size: 439.29411pt x 209.10736pt.

Overfull \hbox (49.29411pt too wide) in paragraph at lines 53--57
[] 
 []


Underfull \hbox (badness 10000) in paragraph at lines 53--57

 []

<Images/"b-map5-1-w-2".jpg, id=20, 2364.835pt x 975.645pt>
File: Images/"b-map5-1-w-2".jpg Graphic file (type jpg)

<use Images/"b-map5-1-w-2".jpg>
Package pdftex.def Info: Images/"b-map5-1-w-2".jpg used on input line 61.
(pdftex.def)             Requested size: 472.95863pt x 195.12553pt.

Overfull \hbox (82.95863pt too wide) in paragraph at lines 58--62
[] 
 []


Underfull \hbox (badness 10000) in paragraph at lines 58--62

 []

[4 <./Images/b-map5-1-a-real.jpg> <./Images/b-map5-1-a.jpg>] [5 <./Images/b-map
5-1-w-2.jpg>] [6] [7] [8]
<Images/"avg-nodeexpanded".png, id=41, 685.05937pt x 326.72063pt>
File: Images/"avg-nodeexpanded".png Graphic file (type png)

<use Images/"avg-nodeexpanded".png>
Package pdftex.def Info: Images/"avg-nodeexpanded".png used on input line 132.
(pdftex.def)             Requested size: 445.28331pt x 212.36588pt.

Overfull \hbox (55.28331pt too wide) in paragraph at lines 132--133
[] 
 []

<Images/"avg-pathlength".png, id=43, 684.30656pt x 322.20375pt>
File: Images/"avg-pathlength".png Graphic file (type png)

<use Images/"avg-pathlength".png>
Package pdftex.def Info: Images/"avg-pathlength".png used on input line 136.
(pdftex.def)             Requested size: 444.79399pt x 209.42995pt.

Overfull \hbox (54.79399pt too wide) in paragraph at lines 136--137
[] 
 []

<Images/"avg-runtime".png, id=44, 682.80093pt x 325.96782pt>
File: Images/"avg-runtime".png Graphic file (type png)

<use Images/"avg-runtime".png>
Package pdftex.def Info: Images/"avg-runtime".png used on input line 144.
(pdftex.def)             Requested size: 443.81534pt x 211.87656pt.

Overfull \hbox (53.81534pt too wide) in paragraph at lines 144--145
[] 
 []

[9 <./Images/avg-nodeexpanded.png> <./Images/avg-pathlength.png>]
<Images/"avg-mem".png, id=50, 685.8122pt x 328.22626pt>
File: Images/"avg-mem".png Graphic file (type png)

<use Images/"avg-mem".png>
Package pdftex.def Info: Images/"avg-mem".png used on input line 152.
(pdftex.def)             Requested size: 445.77266pt x 213.34453pt.

Overfull \hbox (55.77266pt too wide) in paragraph at lines 152--153
[] 
 []

[10 <./Images/avg-runtime.png> <./Images/avg-mem.png>]
Overfull \hbox (7.17644pt too wide) in paragraph at lines 162--163
\OT1/cmr/m/n/12 quickly and ex-panded very few nodes (like with heuris-tic 4, E
u-clidean squared),
 []


Underfull \hbox (badness 10000) in paragraph at lines 164--165

 []

[11] [12] <Images/"g-sns-map3-1".jpg, id=62, 2242.3775pt x 1411.2725pt>
File: Images/"g-sns-map3-1".jpg Graphic file (type jpg)

<use Images/"g-sns-map3-1".jpg>
Package pdftex.def Info: Images/"g-sns-map3-1".jpg used on input line 189.
(pdftex.def)             Requested size: 448.46756pt x 282.2495pt.

Overfull \hbox (58.46756pt too wide) in paragraph at lines 189--190
[] 
 []

[13 <./Images/g-sns-map3-1.jpg>]
<Images/"s-nodeexpanded".png, id=67, 749.04843pt x 325.215pt>
File: Images/"s-nodeexpanded".png Graphic file (type png)

<use Images/"s-nodeexpanded".png>
Package pdftex.def Info: Images/"s-nodeexpanded".png used on input line 196.
(pdftex.def)             Requested size: 449.43253pt x 195.1305pt.

Overfull \hbox (59.43253pt too wide) in paragraph at lines 196--197
[] 
 []

<Images/"s-pathlength".png, id=68, 749.80125pt x 323.70938pt>
File: Images/"s-pathlength".png Graphic file (type png)

<use Images/"s-pathlength".png>
Package pdftex.def Info: Images/"s-pathlength".png used on input line 200.
(pdftex.def)             Requested size: 449.88422pt x 194.22713pt.

Overfull \hbox (59.88422pt too wide) in paragraph at lines 200--201
[] 
 []

<Images/"s-runtime".png, id=69, 753.5653pt x 326.72063pt>
File: Images/"s-runtime".png Graphic file (type png)

<use Images/"s-runtime".png>
Package pdftex.def Info: Images/"s-runtime".png used on input line 204.
(pdftex.def)             Requested size: 452.14267pt x 196.03387pt.

Overfull \hbox (62.14267pt too wide) in paragraph at lines 204--205
[] 
 []

[14 <./Images/s-nodeexpanded.png> <./Images/s-pathlength.png>]
<Images/"s-mem".png, id=75, 743.02594pt x 324.46219pt>
File: Images/"s-mem".png Graphic file (type png)

<use Images/"s-mem".png>
Package pdftex.def Info: Images/"s-mem".png used on input line 212.
(pdftex.def)             Requested size: 445.819pt x 194.6788pt.

Overfull \hbox (55.819pt too wide) in paragraph at lines 212--213
[] 
 []

[15 <./Images/s-runtime.png> <./Images/s-mem.png>] [16]
Overfull \hbox (8.85905pt too wide) in paragraph at lines 246--248
[]\OT1/cmr/m/n/12 Then we as-sume a least path from $\OML/cmm/m/it/12 S[]$ \OT1
/cmr/m/n/12 to $\OML/cmm/m/it/12 S[]$ \OT1/cmr/m/n/12 as P = $\OML/cmm/m/it/12 
\OT1/cmr/m/n/12 (\OML/cmm/m/it/12 s[] \OT1/cmr/m/n/12 = \OML/cmm/m/it/12 s[]; 
:::; s[] \OT1/cmr/m/n/12 =
 []

[17]
Overfull \hbox (35.47743pt too wide) in paragraph at lines 295--296
\OML/cmm/m/it/12 OPEN[]:Minkey\OT1/cmr/m/n/12 () \OMS/cmsy/m/n/12  \OML/cmm/m/
it/12 w[] \OMS/cmsy/m/n/12  \OML/cmm/m/it/12 g[]\OT1/cmr/m/n/12 (\OML/cmm/m/it
/12 s[]oal\OT1/cmr/m/n/12 )$. $\OML/cmm/m/it/12 OPEN[] \OT1/cmr/m/n/12 = \OMS/c
msy/m/n/12 ;$ \OT1/cmr/m/n/12 if and only if $\OML/cmm/m/it/12 OPEN[]:Minkey\OT
1/cmr/m/n/12 () =
 []

[18] ("Assignment 3 Report.aux") ) 
Here is how much of TeX's memory you used:
 1563 strings out of 493323
 23151 string characters out of 3139066
 82871 words of memory out of 3000000
 5097 multiletter control sequences out of 15000+200000
 6990 words of font info for 25 fonts, out of 3000000 for 9000
 1141 hyphenation exceptions out of 8191
 39i,5n,25p,910b,117s stack positions out of 5000i,500n,10000p,200000b,50000s
<C:/Program Files/MiKTeX 2.9/fonts/type1/publ
ic/amsfonts/cm/cmbx12.pfb><C:/Program Files/MiKTeX 2.9/fonts/type1/public/amsfo
nts/cm/cmex10.pfb><C:/Program Files/MiKTeX 2.9/fonts/type1/public/amsfonts/cm/c
mmi12.pfb><C:/Program Files/MiKTeX 2.9/fonts/type1/public/amsfonts/cm/cmmi8.pfb
><C:/Program Files/MiKTeX 2.9/fonts/type1/public/amsfonts/cm/cmr12.pfb><C:/Prog
ram Files/MiKTeX 2.9/fonts/type1/public/amsfonts/cm/cmr8.pfb><C:/Program Files/
MiKTeX 2.9/fonts/type1/public/amsfonts/cm/cmsy10.pfb><C:/Program Files/MiKTeX 2
.9/fonts/type1/public/amsfonts/cm/cmsy8.pfb>
Output written on "Assignment 3 Report.pdf" (18 pages, 9537337 bytes).
PDF statistics:
 117 PDF objects out of 1000 (max. 8388607)
 0 named destinations out of 1000 (max. 500000)
 81 words of extra memory for PDF output out of 10000 (max. 10000000)

